100 200 300
101 202 303
102 204 306
103 206 309
104 208 312
105 210 315
106 212 318
107 214 321
108 216 324
109 218 327
110 220 330
111 222 333
112 224 336
113 226 339
114 228 342
115 230 345
116 232 348
117 234 351
118 236 354
119 238 357
120 240 360
121 242 363
122 244 366
123 246 369
124 248 372
125 250 375
126 252 378
127 254 381
128 256 384
129 258 387
130 260 390
131 262 393
132 264 396
133 266 399
134 268 402
135 270 405
136 272 408
137 274 411
138 276 414
139 278 417
140 280 420
141 282 423
142 284 426
143 286 429
144 288 432
145 290 435
146 292 438
147 294 441
148 296 444
149 298 447
150 300 450
151 302 453
152 304 456
153 306 459
154 308 462
155 310 465
156 312 468
157 314 471
158 316 474
159 318 477
160 320 480
161 322 483
162 324 486
163 326 489
164 328 492
165 330 495
166 332 498
167 334 501
168 336 504
169 338 507
170 340 510
171 342 513
172 344 516
173 346 519
174 348 522
175 350 525
176 352 528
177 354 531
178 356 534
179 358 537
180 360 540
181 362 543
182 364 546
183 366 549
184 368 552
185 370 555
186 372 558
187 374 561
188 376 564
189 378 567
190 380 570
191 382 573
192 384 576
193 386 579
194 388 582
195 390 585
196 392 588
197 394 591
198 396 594
199 398 597
200 400 600
201 402 603
202 404 606
203 406 609
204 408 612
205 410 615
206 412 618
207 414 621
208 416 624
209 418 627
210 420 630
211 422 633
212 424 636
213 426 639
214 428 642
215 430 645
216 432 648
217 434 651
218 436 654
219 438 657
220 440 660
221 442 663
222 444 666
223 446 669
224 448 672
225 450 675
226 452 678
227 454 681
228 456 684
229 458 687
230 460 690
231 462 693
232 464 696
233 466 699
234 468 702
235 470 705
236 472 708
237 474 711
238 476 714
239 478 717
240 480 720
241 482 723
242 484 726
243 486 729
244 488 732
245 490 735
246 492 738
247 494 741
248 496 744
249 498 747
250 500 750
251 502 753
252 504 756
253 506 759
254 508 762
255 510 765
256 512 768
257 514 771
258 516 774
259 518 777
260 520 780
261 522 783
262 524 786
263 526 789
264 528 792
265 530 795
266 532 798
267 534 801
268 536 804
269 538 807
270 540 810
271 542 813
272 544 816
273 546 819
274 548 822
275 550 825
276 552 828
277 554 831
278 556 834
279 558 837
280 560 840
281 562 843
282 564 846
283 566 849
284 568 852
285 570 855
286 572 858
287 574 861
288 576 864
289 578 867
290 580 870
291 582 873
292 584 876
293 586 879
294 588 882
295 590 885
296 592 888
297 594 891
298 596 894
299 598 897
300 600 900
301 602 903
302 604 906
303 606 909
304 608 912
305 610 915
306 612 918
307 614 921
308 616 924
309 618 927
310 620 930
311 622 933
312 624 936
313 626 939
314 628 942
315 630 945
316 632 948
317 634 951
318 636 954
319 638 957
320 640 960
321 642 963
322 644 966
323 646 969
324 648 972
325 650 975
326 652 978
327 654 981
328 656 984
329 658 987
330 660 990
331 662 993
332 664 996
333 666 999
